

Microchip Technology PIC18 LITE Macro Assembler V1.44 build -154322312 
                                                                                               Fri Dec 22 22:39:29 2017

Microchip Technology Omniscient Code Generator v1.44 (Free mode) build 201709140600
     1                           	processor	18F2550
     2                           	fnconf	rparam,??,?,0
     3                           	opt	pw 120
     4                           	opt	lm
     5                           	psect	cinit,global,reloc=2,class=CODE,delta=1
     6                           	psect	cstackCOMRAM,global,class=COMRAM,space=1,delta=1,noexec
     7                           	psect	text0,global,reloc=2,class=CODE,delta=1
     8                           	psect	intsave_regs,global,class=BIGRAM,space=1,delta=1,noexec
     9                           	psect	rparam,global,class=COMRAM,space=1,delta=1,noexec
    10  0000                     
    11                           ; Version 1.44
    12                           ; Generated 14/09/2017 GMT
    13                           ; 
    14                           ; Copyright © 2017, Microchip Technology Inc. and its subsidiaries ("Microchip")
    15                           ; All rights reserved.
    16                           ; 
    17                           ; This software is developed by Microchip Technology Inc. and its subsidiaries ("Microch
      +                          ip").
    18                           ; 
    19                           ; Redistribution and use in source and binary forms, with or without modification, are
    20                           ; permitted provided that the following conditions are met:
    21                           ; 
    22                           ;     1. Redistributions of source code must retain the above copyright notice, this lis
      +                          t of
    23                           ;        conditions and the following disclaimer.
    24                           ; 
    25                           ;     2. Redistributions in binary form must reproduce the above copyright notice, this 
      +                          list
    26                           ;        of conditions and the following disclaimer in the documentation and/or other
    27                           ;        materials provided with the distribution.
    28                           ; 
    29                           ;     3. Microchip's name may not be used to endorse or promote products derived from th
      +                          is
    30                           ;        software without specific prior written permission.
    31                           ; 
    32                           ; THIS SOFTWARE IS PROVIDED BY MICROCHIP "AS IS" AND ANY EXPRESS OR IMPLIED WARRANTIES,
    33                           ; INCLUDING, BUT NOT LIMITED TO, THE IMPLIED WARRANTIES OF MERCHANTABILITY AND FITNESS F
      +                          OR
    34                           ; PURPOSE ARE DISCLAIMED.  IN NO EVENT SHALL MICROCHIP BE LIABLE FOR ANY DIRECT, INDIREC
      +                          T,
    35                           ; INCIDENTAL, SPECIAL, EXEMPLARY, OR CONSEQUENTIAL DAMAGES (INCLUDING BUT NOT LIMITED TO
    36                           ; PROCUREMENT OF SUBSTITUTE GOODS OR SERVICES; LOSS OF USE, DATA OR PROFITS; OR BUSINESS
    37                           ; INTERRUPTION) HOWSOEVER CAUSED AND ON ANY THEORY OF LIABILITY, WHETHER IN CONTRACT, ST
      +                          RICT
    38                           ; LIABILITY, OR TORT (INCLUDING NEGLIGENCE OR OTHERWISE) ARISING IN ANY WAY OUT OF THE U
      +                          SE OF
    39                           ; THIS SOFTWARE, EVEN IF ADVISED OF THE POSSIBILITY OF SUCH DAMAGE.
    40                           ; 
    41                           ; 
    42                           ; Code-generator required, PIC18F2550 Definitions
    43                           ; 
    44                           ; SFR Addresses
    45  0000                     _RCREG	set	4014
    46  0000                     _TXREG	set	4013
    47  0000                     _RCSTA	set	4011
    48  0000                     _TXSTA	set	4012
    49  0000                     _SPBRG	set	4015
    50  0000                     _PORTCbits	set	3970
    51  0000                     _PORTAbits	set	3968
    52  0000                     _TRISCbits	set	3988
    53  0000                     _TRISAbits	set	3986
    54  0000                     _ADCON1bits	set	4033
    55  0000                     _OSCCON	set	4051
    56  0000                     _RCIF	set	31989
    57  0000                     _TXIF	set	31988
    58                           
    59                           ; #config settings
    60  0000                     
    61                           	psect	cinit
    62  007F92                     __pcinit:
    63                           	opt stack 0
    64  007F92                     start_initialization:
    65                           	opt stack 0
    66  007F92                     __initialization:
    67                           	opt stack 0
    68  007F92                     end_of_initialization:
    69                           	opt stack 0
    70  007F92                     __end_of__initialization:
    71                           	opt stack 0
    72  007F92  0100               	movlb	0
    73  007F94  EFCC  F03F         	goto	_main	;jump to C main() function
    74                           
    75                           	psect	cstackCOMRAM
    76  000001                     __pcstackCOMRAM:
    77                           	opt stack 0
    78  000001                     ??_main:
    79  000001                     
    80                           ; 2 bytes @ 0x0
    81  000001                     	ds	2
    82                           
    83 ;;
    84 ;;Main: autosize = 0, tempsize = 2, incstack = 0, save=0
    85 ;;
    86 ;; *************** function _main *****************
    87 ;; Defined at:
    88 ;;		line 84 in file "main.c"
    89 ;; Parameters:    Size  Location     Type
    90 ;;		None
    91 ;; Auto vars:     Size  Location     Type
    92 ;;		None
    93 ;; Return value:  Size  Location     Type
    94 ;;                  2   18[None  ] int 
    95 ;; Registers used:
    96 ;;		wreg, status,2
    97 ;; Tracked objects:
    98 ;;		On entry : 0/0
    99 ;;		On exit  : 0/0
   100 ;;		Unchanged: 0/0
   101 ;; Data sizes:     COMRAM   BANK0   BANK1   BANK2   BANK3   BANK4   BANK5   BANK6   BANK7
   102 ;;      Params:         0       0       0       0       0       0       0       0       0
   103 ;;      Locals:         0       0       0       0       0       0       0       0       0
   104 ;;      Temps:          2       0       0       0       0       0       0       0       0
   105 ;;      Totals:         2       0       0       0       0       0       0       0       0
   106 ;;Total ram usage:        2 bytes
   107 ;; This function calls:
   108 ;;		Nothing
   109 ;; This function is called by:
   110 ;;		Startup code after reset
   111 ;; This function uses a non-reentrant model
   112 ;;
   113                           
   114                           	psect	text0
   115  007F98                     __ptext0:
   116                           	opt stack 0
   117  007F98                     _main:
   118                           	opt stack 31
   119                           
   120                           ;main.c: 86: OSCCON=0x72;
   121                           
   122                           ;incstack = 0
   123  007F98  0E72               	movlw	114
   124  007F9A  6ED3               	movwf	4051,c	;volatile
   125                           
   126                           ;main.c: 87: ADCON1bits.PCFG = 13;
   127  007F9C  50C1               	movf	4033,w,c	;volatile
   128  007F9E  0BF0               	andlw	-16
   129  007FA0  090D               	iorlw	13
   130  007FA2  6EC1               	movwf	4033,c	;volatile
   131                           
   132                           ;main.c: 90: TRISAbits.RA0 = 0;
   133  007FA4  9092               	bcf	3986,0,c	;volatile
   134                           
   135                           ;main.c: 91: TRISAbits.RA1 = 0;
   136  007FA6  9292               	bcf	3986,1,c	;volatile
   137                           
   138                           ;main.c: 93: TRISAbits.RA2 = 0;
   139  007FA8  9492               	bcf	3986,2,c	;volatile
   140                           
   141                           ;main.c: 94: TRISAbits.RA3 = 0;
   142  007FAA  9692               	bcf	3986,3,c	;volatile
   143                           
   144                           ;main.c: 95: TRISAbits.RA4 = 0;
   145  007FAC  9892               	bcf	3986,4,c	;volatile
   146                           
   147                           ;main.c: 97: TRISAbits.RA5 = 0;
   148  007FAE  9A92               	bcf	3986,5,c	;volatile
   149                           
   150                           ;main.c: 98: TRISCbits.RC1 = 0;
   151  007FB0  9294               	bcf	3988,1,c	;volatile
   152                           
   153                           ;main.c: 100: _delay((unsigned long)((50)*(800000/4000.0)));
   154  007FB2  0E0D               	movlw	13
   155  007FB4  6E01               	movwf	??_main& (0+255),c
   156  007FB6  0EFC               	movlw	252
   157  007FB8                     u47:
   158  007FB8  2EE8               	decfsz	wreg,f,c
   159  007FBA  D7FE               	bra	u47
   160  007FBC  2E01               	decfsz	??_main& (0+255),f,c
   161  007FBE  D7FC               	bra	u47
   162                           
   163                           ;main.c: 106: PORTAbits.RA4 = 1;
   164  007FC0  8880               	bsf	3968,4,c	;volatile
   165                           
   166                           ;main.c: 108: PORTAbits.RA2 = 0;
   167  007FC2  9480               	bcf	3968,2,c	;volatile
   168                           
   169                           ;main.c: 109: PORTAbits.RA3 = 1;
   170  007FC4  8680               	bsf	3968,3,c	;volatile
   171                           
   172                           ;main.c: 110: PORTAbits.RA0 = 1;
   173  007FC6  8080               	bsf	3968,0,c	;volatile
   174                           
   175                           ;main.c: 111: PORTCbits.RC1 = 0;
   176  007FC8  9282               	bcf	3970,1,c	;volatile
   177                           
   178                           ;main.c: 112: PORTAbits.RA5 = 1;
   179  007FCA  8A80               	bsf	3968,5,c	;volatile
   180                           
   181                           ;main.c: 113: PORTAbits.RA1 = 1;
   182  007FCC  8280               	bsf	3968,1,c	;volatile
   183                           
   184                           ;main.c: 115: _delay((unsigned long)((15000)*(800000/4000.0)));
   185  007FCE  0E10               	movlw	16
   186  007FD0  6E02               	movwf	(??_main+1)& (0+255),c
   187  007FD2  0E39               	movlw	57
   188  007FD4  6E01               	movwf	??_main& (0+255),c
   189  007FD6  0E0E               	movlw	14
   190  007FD8                     u57:
   191  007FD8  2EE8               	decfsz	wreg,f,c
   192  007FDA  D7FE               	bra	u57
   193  007FDC  2E01               	decfsz	??_main& (0+255),f,c
   194  007FDE  D7FC               	bra	u57
   195  007FE0  2E02               	decfsz	(??_main+1)& (0+255),f,c
   196  007FE2  D7FA               	bra	u57
   197                           
   198                           ;main.c: 118: PORTAbits.RA4 = 0;
   199  007FE4  9880               	bcf	3968,4,c	;volatile
   200                           
   201                           ;main.c: 125: _delay((unsigned long)((15000)*(800000/4000.0)));
   202  007FE6  0E10               	movlw	16
   203  007FE8  6E02               	movwf	(??_main+1)& (0+255),c
   204  007FEA  0E39               	movlw	57
   205  007FEC  6E01               	movwf	??_main& (0+255),c
   206  007FEE  0E0E               	movlw	14
   207  007FF0                     u67:
   208  007FF0  2EE8               	decfsz	wreg,f,c
   209  007FF2  D7FE               	bra	u67
   210  007FF4  2E01               	decfsz	??_main& (0+255),f,c
   211  007FF6  D7FC               	bra	u67
   212  007FF8  2E02               	decfsz	(??_main+1)& (0+255),f,c
   213  007FFA  D7FA               	bra	u67
   214                           
   215                           ;main.c: 128: return 0;
   216                           ;	Return value of _main is never used
   217  007FFC  EF00  F000         	goto	start
   218  008000                     __end_of_main:
   219                           	opt stack 0
   220  0000                     wreg	equ	0xFE8
   221                           wreg	equ	0xFE8
   222                           
   223                           	psect	rparam
   224  0000                     wreg	equ	0xFE8


Data Sizes:
    Strings     0
    Constant    0
    Data        0
    BSS         0
    Persistent  0
    Stack       0

Auto Spaces:
    Space          Size  Autos    Used
    COMRAM           95      2       2
    BANK0           160      0       0
    BANK1           256      0       0
    BANK2           256      0       0
    BANK3           256      0       0
    BANK4           256      0       0
    BANK5           256      0       0
    BANK6           256      0       0
    BANK7           256      0       0

Pointer List with Targets:

    None.

Critical Paths under _main in COMRAM

    None.

Critical Paths under _main in BANK0

    None.

Critical Paths under _main in BANK1

    None.

Critical Paths under _main in BANK2

    None.

Critical Paths under _main in BANK3

    None.

Critical Paths under _main in BANK4

    None.

Critical Paths under _main in BANK5

    None.

Critical Paths under _main in BANK6

    None.

Critical Paths under _main in BANK7

    None.

Call Graph Tables:

 ---------------------------------------------------------------------------------
 (Depth) Function   	        Calls       Base Space   Used Autos Params    Refs
 ---------------------------------------------------------------------------------
 (0) _main                                                 2     2      0       0
                                              0 COMRAM     2     2      0
 ---------------------------------------------------------------------------------
 Estimated maximum stack depth 0
 ---------------------------------------------------------------------------------

 Call Graph Graphs:

 _main (ROOT)

 Address spaces:
Name               Size   Autos  Total    Cost      Usage
BITCOMRAM           5F      0       0       0        0.0%
EEDATA             100      0       0       0        0.0%
NULL                 0      0       0       0        0.0%
CODE                 0      0       0       0        0.0%
COMRAM              5F      2       2       1        2.1%
STACK                0      0       0       2        0.0%
DATA                 0      0       0       3        0.0%
BITBANK0            A0      0       0       4        0.0%
BANK0               A0      0       0       5        0.0%
BITBANK1           100      0       0       6        0.0%
BANK1              100      0       0       7        0.0%
BITBANK2           100      0       0       8        0.0%
BANK2              100      0       0       9        0.0%
BITBANK3           100      0       0      10        0.0%
BANK3              100      0       0      11        0.0%
BITBANK4           100      0       0      12        0.0%
BANK4              100      0       0      13        0.0%
BITBANK5           100      0       0      14        0.0%
BANK5              100      0       0      15        0.0%
BITBANK6           100      0       0      16        0.0%
BANK6              100      0       0      17        0.0%
BITBANK7           100      0       0      18        0.0%
BANK7              100      0       0      19        0.0%
ABS                  0      0       0      20        0.0%
BIGRAM             7FF      0       0      21        0.0%
BITSFR               0      0       0     200        0.0%
SFR                  0      0       0     200        0.0%


Microchip Technology PIC18 Macro Assembler V1.44 build -154322312 
Symbol Table                                                                                   Fri Dec 22 22:39:29 2017

                     u47 7FB8                       u57 7FD8                       u67 7FF0  
            __CFG_BOR$ON 000000              __CFG_BORV$3 000000             __CFG_CP0$OFF 000000  
           __CFG_CP1$OFF 000000             __CFG_CP2$OFF 000000             __CFG_CP3$OFF 000000  
           __CFG_CPB$OFF 000000             __CFG_CPD$OFF 000000                      wreg 000FE8  
           __CFG_LVP$OFF 000000             __CFG_WDT$OFF 000000                     _RCIF 007CF5  
                   _TXIF 007CF4                     _main 7F98                     start 0000  
          __CFG_IESO$OFF 000000             ___param_bank 000000            __CFG_PLLDIV$1 000000  
         __CFG_CCP2MX$ON 000000                    ?_main 0001                    _RCREG 000FAE  
                  _RCSTA 000FAB                    _SPBRG 000FAF            __CFG_USBDIV$1 000000  
                  _TXREG 000FAD                    _TXSTA 000FAC            __CFG_PWRT$OFF 000000  
          __CFG_WRT0$OFF 000000            __CFG_WRT1$OFF 000000            __CFG_WRT2$OFF 000000  
          __CFG_WRT3$OFF 000000           __CFG_EBTR0$OFF 000000           __CFG_FCMEN$OFF 000000  
         __CFG_EBTR1$OFF 000000           __CFG_EBTR2$OFF 000000           __CFG_EBTR3$OFF 000000  
          __CFG_WRTB$OFF 000000            __CFG_WRTC$OFF 000000            __CFG_WRTD$OFF 000000  
         __CFG_EBTRB$OFF 000000           __CFG_MCLRE$OFF 000000          __initialization 7F92  
           __end_of_main 8000                   ??_main 0001            __activetblptr 000000  
                 _OSCCON 000FD3           __CFG_XINST$OFF 000000           __CFG_STVREN$ON 000000  
             __accesstop 0060  __end_of__initialization 7F92          __CFG_PBADEN$OFF 000000  
          ___rparam_used 000001           __pcstackCOMRAM 0001          __CFG_VREGEN$OFF 000000  
                __Hparam 0000                  __Lparam 0000                  __pcinit 7F92  
                __ramtop 0800                  __ptext0 7F98     end_of_initialization 7F92  
              _PORTAbits 000F80                _PORTCbits 000F82                _TRISAbits 000F92  
              _TRISCbits 000F94      start_initialization 7F92         __CFG_LPT1OSC$OFF 000000  
       __CFG_WDTPS$32768 000000               _ADCON1bits 000FC1                 __Hrparam 0000  
               __Lrparam 0000            __size_of_main 0068    __CFG_CPUDIV$OSC1_PLL2 000000  
    __CFG_FOSC$INTOSC_EC 000000  
